### ISSUE TITLE
dsp56k::JitBlockChain::create m_jitFuncs OOB-read

### ISSUE THREAD

**Issue by grant-h** [dsp56300/dsp56300#2]
Hello. I'm getting a reproducable crash when using OsTIrus. My patch is a modification of a stock preset, but I have LFOs automating various parameters with three MIDI notes being triggered every two measures.

* Plugin information: OsTIrus 2.1.4 (and 2.1.0) (VST3 aarch64)
* OS info: macOS Monterey 12.6.9, M1 Mac Mini
* DAW: Ableton Live 12

The time-to-crash doesnt seem to be consistent, but it usually happens within a minute or so. To get more information, I followed the [guide to resign Ableton](https://gist.github.com/talaviram/1f21e141a137744c89e81b58f73e23c3) to enable me to attach LLDB without disabling SIP.

Crash backtrace:

```
* thread #27, name = 'DSP DSP A', stop reason = EXC_BAD_ACCESS (code=1, address=0x3f8a4c000)
    frame #0: 0x00000001681ab2e4 OsTIrus`dsp56k::JitBlockChain::create(unsigned int, bool) + 296
OsTIrus`dsp56k::JitBlockChain::create:
->  0x1681ab2e4 <+296>: ldr    x2, [x8, x24, lsl #3]
    0x1681ab2e8 <+300>: ldr    x8, [x20]
    0x1681ab2ec <+304>: ldr    x8, [x8]
    0x1681ab2f0 <+308>: add    x0, x8, #0x150
```

Debugging this crash, it looks like the address calculated by the `ldr`, `x8 + x24 << 3` (0x3f8a4c000) is not mapped in the process. Since this VST doesn't have debugging data, let's figure out the crashing line in the source code from the disassembly. We'll need to use IDA Pro or LLDB.

Here is the crashing basic-block:

<img width="758" height="411" alt="Image" src="https://github.com/user-attachments/assets/c36cdae0-c2f4-47e8-a07a-d795582432e4" />

It appears this is is showing these lines of code in `JitBlockChain::create`:

https://github.com/dsp56300/dsp56300/blob/00878480538939d06ba696de3b3cb6c2b5fad5a8/source/dsp56kEmu/jitblockchain.cpp#L148-L150

This basic block can be reached from either the cached path or via the uncached `emit` path. Either way, the crash is happening on `exec`.
I believe X8 corresponds to `this->m_jitFuncs` (`std::vector<TJitFunc> m_jitFuncs`) and `x24` is the current `pc` value (shifted left by 3 converts it to a 64-bit aligned index). `TJitFunc` is just a function pointer. I believe PC is invalid. To debug, I recommend replacing the `vector[]` with `std::vector.at` for checked accesses.

Here x8 = `0x00000003f744c000` and `x24 = 0x00000000002c0000` (2883584). Here is the memory at x8 and the properties of it and the values within confirming that this is a vector of function pointers.

```
(lldb) x/20gx $x8
0x3f744c000: 0x00000001681a3a0c 0x00000001681a3a0c
0x3f744c010: 0x00000001681a3a0c 0x00000001681a3a0c
0x3f744c020: 0x00000001681a3a0c 0x00000001681a3a0c
0x3f744c030: 0x00000001681a3a0c 0x00000001681a3a0c
0x3f744c040: 0x00000001681a3a0c 0x00000001681a3a0c
0x3f744c050: 0x00000001681a3a0c 0x00000001681a3a0c
0x3f744c060: 0x00000001681a3a0c 0x00000001681a3a0c
0x3f744c070: 0x00000001681a3a0c 0x00000001681a3a0c
0x3f744c080: 0x00000001681a3a0c 0x00000001681a3a0c
0x3f744c090: 0x00000001681a3a0c 0x00000001681a3a0c
(lldb) memory region 0x00000001681a3a0c
[0x0000000168000000-0x000000016a508000) r-x __TEXT
Modified memory (dirty) page list provided, 0 entries.
(lldb) memory region 0x3f744c000
[0x00000003f744c000-0x00000003f8a4c000) rw-
```

The calculation `x8 + x24 << 3` (0x3f8a4c000) has fallen off the edge of the JIT function array somehow, but I don't know how to debug this further.

So what is `0x00000001681a3a0c`?

```
(lldb) image lookup --address 0x00000001681a3a0c
      Address: OsTIrus[0x00000000001a3a0c] (OsTIrus.__TEXT.__text + 1680724)
      Summary: OsTIrus`dsp56k::funcCreate(dsp56k::DspRegs*, unsigned int)
```
Okay, so maybe when a PC is hit for the first time a JIT function is created and these PC values havent been hit or aren't valid for the firmware to reach. Looking at the end of the array (`PC` - 10) shows the same `funcCreate` placeholders.

Lets try to grab more information from this frozen process. `X20` appears to be the saved `this` pointer. Maybe we can dump the DSP register state? `Jit& m_jit` is the first member of the `JitBlockChain`instance and `DSP& m_dsp` is the first member of the `Jit` instance. Easy. The reference chain for the `Dsp` instance is simply `*(*(this + 0x0) + 0x0)`. The `Dsp` instance holds the memory of `Jit` and `Jit` just maintains a parent reference to that class.

https://github.com/dsp56300/dsp56300/blob/00878480538939d06ba696de3b3cb6c2b5fad5a8/source/dsp56kEmu/dsp.h#L97-L98

Okay so we have the `this` pointer for the Dsp class. Lets call `dumpRegisters` on it (LLDB magic).

```
(lldb) b dsp56k::DSP::dumpRegisters
Breakpoint 14: 2 locations.
(lldb) break list
Current breakpoints:
14: name = 'dsp56k::DSP::dumpRegisters', locations = 2, resolved = 2, hit count = 0
  14.1: where = OsTIrus`dsp56k::DSP::dumpRegisters(std::__1::basic_stringstream<char, std::__1::char_traits<char>, std::__1::allocator<char> >&) const, address = 0x0000000168186c10, resolved, hit count = 0
  14.2: where = OsTIrus`dsp56k::DSP::dumpRegisters() const, address = 0x0000000168193390, resolved, hit count = 0
```

We want `0x0000000168193390`.

```
expr -i 0 -- ((void (*)(unsigned long*))0x0000000168193390)((unsigned long*)$25)
```

```
(lldb) expr -i 0 -- ((void (*)(unsigned long*))0x0000000168193390)((unsigned long*)$25)
error: Execution was interrupted, reason: breakpoint 14.2.
The process has been left at the point where it was interrupted, use "thread return -x" to return to the state before expression evaluation.
Process 33012 stopped
* thread #27, name = 'DSP DSP A', stop reason = breakpoint 14.2
    frame #0: 0x0000000168193390 OsTIrus`dsp56k::DSP::dumpRegisters() const
OsTIrus`dsp56k::DSP::dumpRegisters:
->  0x168193390 <+0>:  stp    x28, x27, [sp, #-0x60]!
    0x168193394 <+4>:  stp    x26, x25, [sp, #0x10]
    0x168193398 <+8>:  stp    x24, x23, [sp, #0x20]
    0x16819339c <+12>: stp    x22, x21, [sp, #0x30]
Target 0: (Live) stopped.
(lldb) finish
Process 33012 stopped
* thread #27, name = 'DSP DSP A', stop reason = breakpoint 14.1
    frame #0: 0x0000000168186c10 OsTIrus`dsp56k::DSP::dumpRegisters(std::__1::basic_stringstream<char, std::__1::char_traits<char>, std::__1::allocator<char> >&) const
OsTIrus`dsp56k::DSP::dumpRegisters:
->  0x168186c10 <+0>:  sub    sp, sp, #0xd0
    0x168186c14 <+4>:  stp    x22, x21, [sp, #0xa0]
    0x168186c18 <+8>:  stp    x20, x19, [sp, #0xb0]
    0x168186c1c <+12>: stp    x29, x30, [sp, #0xc0]
Target 0: (Live) stopped.
(lldb) bt
* thread #27, name = 'DSP DSP A', stop reason = breakpoint 14.1
  * frame #0: 0x0000000168186c10 OsTIrus`dsp56k::DSP::dumpRegisters(std::__1::basic_stringstream<char, std::__1::char_traits<char>, std::__1::allocator<char> >&) const
    frame #1: 0x000000016819344c OsTIrus`dsp56k::DSP::dumpRegisters() const + 188
    frame #2: 0x000000011bc946ac
    frame #3: 0x00000001010e599c Live`___lldb_unnamed_symbol60941 + 36
    frame #4: 0x000000011bc9461c
    frame #5: 0x00000001010e599c Live`___lldb_unnamed_symbol60941 + 36
    frame #6: 0x00000001681a3a20 OsTIrus`dsp56k::funcCreate(dsp56k::DspRegs*, unsigned int) + 20
    frame #7: 0x00000001681953a8 OsTIrus`dsp56k::DSPThread::threadFunc() + 528
    frame #8: 0x0000000168195120 OsTIrus`void* std::__1::__thread_proxy[abi:v15006]<std::__1::tuple<std::__1::unique_ptr<std::__1::__thread_struct, std::__1::default_delete<std::__1::__thread_struct> >, dsp56k::DSPThread::DSPThread(dsp56k::DSP&, char const*, std::__1::shared_ptr<dsp56k::DebuggerInterface>)::$_0> >(void*) + 52
    frame #9: 0x00000001834f426c libsystem_pthread.dylib`_pthread_start + 148
(lldb) finish
Process 33012 stopped
* thread #27, name = 'DSP DSP A', stop reason = step out
    frame #0: 0x000000016819344c OsTIrus`dsp56k::DSP::dumpRegisters() const + 188
OsTIrus`dsp56k::DSP::dumpRegisters:
->  0x16819344c <+188>: add    x8, sp, #0x130
    0x168193450 <+192>: mov    x0, x20
    0x168193454 <+196>: bl     0x16803a178               ; std::__1::basic_stringbuf<char, std::__1::char_traits<char>, std::__1::allocator<char> >::str() const
    0x168193458 <+200>: add    x8, sp, #0x18
Target 0: (Live) stopped.
(lldb) next
Process 33012 stopped
* thread #27, name = 'DSP DSP A', stop reason = instruction step over
    frame #0: 0x0000000168193450 OsTIrus`dsp56k::DSP::dumpRegisters() const + 192
OsTIrus`dsp56k::DSP::dumpRegisters:
->  0x168193450 <+192>: mov    x0, x20
    0x168193454 <+196>: bl     0x16803a178               ; std::__1::basic_stringbuf<char, std::__1::char_traits<char>, std::__1::allocator<char> >::str() const
    0x168193458 <+200>: add    x8, sp, #0x18
    0x16819345c <+204>: add    x21, x8, #0x80
Target 0: (Live) stopped.
(lldb)
Process 33012 stopped
* thread #27, name = 'DSP DSP A', stop reason = instruction step over
    frame #0: 0x0000000168193454 OsTIrus`dsp56k::DSP::dumpRegisters() const + 196
OsTIrus`dsp56k::DSP::dumpRegisters:
->  0x168193454 <+196>: bl     0x16803a178               ; std::__1::basic_stringbuf<char, std::__1::char_traits<char>, std::__1::allocator<char> >::str() const
    0x168193458 <+200>: add    x8, sp, #0x18
    0x16819345c <+204>: add    x21, x8, #0x80
    0x168193460 <+208>: add    x26, x23, #0x40
Target 0: (Live) stopped.
(lldb)
Process 33012 stopped
* thread #27, name = 'DSP DSP A', stop reason = instruction step over
    frame #0: 0x0000000168193458 OsTIrus`dsp56k::DSP::dumpRegisters() const + 200
OsTIrus`dsp56k::DSP::dumpRegisters:
->  0x168193458 <+200>: add    x8, sp, #0x18
    0x16819345c <+204>: add    x21, x8, #0x80
    0x168193460 <+208>: add    x26, x23, #0x40
    0x168193464 <+212>: add    x22, x8, #0x18
Target 0: (Live) stopped.
(lldb) x/20gx $x0
0x13881bc00: 0x2020203d78202020 0x6666247b20202020
0x13881bc10: 0x3030303034656666 0x79202020207d3030
0x13881bc20: 0x202020202020203d 0x303030303034247b
0x13881bc30: 0x0a7d326366303030 0x2020203d61202020
0x13881bc40: 0x30636666247b2020 0x3030303033636334
0x13881bc50: 0x62202020207d3030 0x247b20202020203d
0x13881bc60: 0x3264666666373030 0x0a7d303030303030
0x13881bc70: 0x2020202020202020 0x7820202020202020
0x13881bc80: 0x66666666247b3d31 0x30782020207d3465
0x13881bc90: 0x303030303030243d 0x247b3d3772202020
(lldb) me read -o /tmp/outfile.bin -b 0x13881bc00 0x13881bc00+0x1000
```

This lets us break after the function has finished processing. The output would go to the console or a file, but I dont know where, so I will just grab it from memory (the stringstream)

https://github.com/dsp56300/dsp56300/blob/00878480538939d06ba696de3b3cb6c2b5fad5a8/source/dsp56kEmu/dsp.cpp#L1294-L1301

Here's the DSP state.

```
   x=       {$ffffe4000000}    y=       {$400000000fc2}
   a=     {$ffc04cc3000000}    b=     {$007fffd2000000}
               x1={$ffffe4}   x0=$000000   r7={$04ab18} n7={$000010} m7={$001fff}
               y1={$400000}   y0={$000fc2}   r6={$000c00} n6={$000002} m6={$0001ff}
  a2=    {$ff}   a1={$c04cc3}   a0=$000000   r5={$000b33} n5={$000001} m5={$ffffff}
  b2=    $00   b1={$7fffd2}   b0=$000000   r4={$000af1} n4={$000002} m4={$ffffff}
                                         r3={$0494f0} n3={$000002} m3={$ffffff}
  pc={$2c0000}   sr={$888041}  omr={$204080}   r2={$2c0000} n2={$000011} m2={$ffffff}
  la={$080028}   lc={$888050}                r1={$000b33} n1={$000002} m1={$ffffff}
 ssh={$000a2d}  ssl={$888041}   sp={$000003}   r0={$000010} n0=$000000 m0={$ffffff}
  ep=$000000   sz={$badbad}   sc={$000006}  vba=$000000
iprc={$555000} iprp={$000fab}  bcr=$000000  dcr=$000000
aar0={$040639} aar1={$000439} aar2={$000001} aar3={$000001}
  hit=   000000   miss=   000000 replace=000000
  cyc=   000000   ictr=   {12423723}
 cnt1=   000000   cnt2=   000000 cnt3=   000000  cnt4=   000000
```

Not sure where to go from here. The VST really needs to be compiled for debug mode. I'm happy to try to create a minimal reproducer project if that would help.

**Comment by dsp56300** [comment]
Confirmed this happens with your patch and with that automation on the TI hardware too. I tested it with my TI and it completely locks up, LFO LEDs stop too, that is a DSP crash. Nothing we can fix
